INFO:uvicorn.error:Started server process [13008]
INFO:uvicorn.error:Waiting for application startup.
INFO:uvicorn.error:Application startup complete.
INFO:uvicorn.error:Started server process [8068]
INFO:uvicorn.error:Waiting for application startup.
INFO:uvicorn.error:Application startup complete.
INFO:root:get_orders ran
INFO:root:get_orders ran
INFO:root:get_orders ran
INFO:root:get_orders ran
INFO:root:get_orders ran
INFO:root:get_orders ran
INFO:root:get_orders ran
INFO:root:get_orders ran
INFO:root:get_orders ran
INFO:root:get_orders ran
INFO:root:get_orders ran
INFO:root:get_orders ran
INFO:root:get_orders ran
INFO:root:get_orders ran
INFO:root:get_orders ran
INFO:root:get_orders ran
INFO:root:get_orders ran
INFO:root:get_orders ran
INFO:root:get_orders ran
INFO:root:get_orders ran
INFO:root:get_orders ran
INFO:root:get_orders ran
INFO:root:get_orders ran
INFO:root:get_orders ran
INFO:root:get_orders ran
INFO:root:get_orders ran
INFO:root:get_orders ran
INFO:uvicorn.error:Started server process [8868]
INFO:uvicorn.error:Waiting for application startup.
INFO:uvicorn.error:Application startup complete.
INFO:uvicorn.error:Shutting down
INFO:uvicorn.error:Started server process [15072]
INFO:uvicorn.error:Waiting for application startup.
INFO:uvicorn.error:Application startup complete.
INFO:root:get_orders ran
INFO:root:get_orders ran
INFO:root:get_orders ran
INFO:root:get_orders ran
INFO:root:get_orders ran
INFO:root:get_orders ran
INFO:root:get_orders ran
INFO:root:get_orders ran
INFO:root:get_orders ran
INFO:uvicorn.error:Shutting down
INFO:uvicorn.error:Waiting for application shutdown.
INFO:uvicorn.error:Application shutdown complete.
INFO:uvicorn.error:Finished server process [15072]
INFO:uvicorn.error:Started server process [1188]
INFO:uvicorn.error:Waiting for application startup.
INFO:uvicorn.error:Application startup complete.
INFO:root:get_orders ran
INFO:root:get_orders ran
